<?xml version="1.0" encoding="UTF-8"?>
<testng-results skipped="0" failed="0" total="3" passed="3">
  <reporter-output>
  </reporter-output>
  <suite name="JetBlueFFTestSuite" duration-ms="1169" started-at="2015-01-09T05:45:17Z" finished-at="2015-01-09T05:45:18Z">
    <groups>
    </groups>
    <test name="NewReservationTest" duration-ms="107" started-at="2015-01-09T05:45:17Z" finished-at="2015-01-09T05:45:17Z">
      <class name="com.Day6_TestNG_Demo.JetBlueFFNewReservationTest">
        <test-method status="PASS" signature="beforeMethod()[pri:0, instance:com.Day6_TestNG_Demo.JetBlueFFNewReservationTest@18ef96]" name="beforeMethod" is-config="true" duration-ms="26" started-at="2015-01-08T21:45:17Z" finished-at="2015-01-08T21:45:17Z">
          <reporter-output>
          </reporter-output>
        </test-method> <!-- beforeMethod -->
        <test-method status="PASS" signature="NewReservation()[pri:0, instance:com.Day6_TestNG_Demo.JetBlueFFNewReservationTest@18ef96]" name="NewReservation" duration-ms="26" started-at="2015-01-08T21:45:17Z" finished-at="2015-01-08T21:45:17Z">
          <reporter-output>
          </reporter-output>
        </test-method> <!-- NewReservation -->
        <test-method status="PASS" signature="afterMethod()[pri:0, instance:com.Day6_TestNG_Demo.JetBlueFFNewReservationTest@18ef96]" name="afterMethod" is-config="true" duration-ms="2" started-at="2015-01-08T21:45:17Z" finished-at="2015-01-08T21:45:17Z">
          <reporter-output>
          </reporter-output>
        </test-method> <!-- afterMethod -->
      </class> <!-- com.Day6_TestNG_Demo.JetBlueFFNewReservationTest -->
    </test> <!-- NewReservationTest -->
    <test name="CustomerUpdateAccountTest" duration-ms="9" started-at="2015-01-09T05:45:17Z" finished-at="2015-01-09T05:45:17Z">
      <class name="com.Day6_TestNG_Demo.JetBlueFFCustomerUpdateAccountTest">
        <test-method status="PASS" signature="beforeMethod()[pri:0, instance:com.Day6_TestNG_Demo.JetBlueFFCustomerUpdateAccountTest@3ecf72fd]" name="beforeMethod" is-config="true" duration-ms="1" started-at="2015-01-08T21:45:17Z" finished-at="2015-01-08T21:45:17Z">
          <reporter-output>
          </reporter-output>
        </test-method> <!-- beforeMethod -->
        <test-method status="PASS" signature="CustomerUpdateAccount()[pri:0, instance:com.Day6_TestNG_Demo.JetBlueFFCustomerUpdateAccountTest@3ecf72fd]" name="CustomerUpdateAccount" duration-ms="3" started-at="2015-01-08T21:45:17Z" finished-at="2015-01-08T21:45:17Z">
          <reporter-output>
          </reporter-output>
        </test-method> <!-- CustomerUpdateAccount -->
        <test-method status="PASS" signature="afterMethod()[pri:0, instance:com.Day6_TestNG_Demo.JetBlueFFCustomerUpdateAccountTest@3ecf72fd]" name="afterMethod" is-config="true" duration-ms="1" started-at="2015-01-08T21:45:17Z" finished-at="2015-01-08T21:45:17Z">
          <reporter-output>
          </reporter-output>
        </test-method> <!-- afterMethod -->
      </class> <!-- com.Day6_TestNG_Demo.JetBlueFFCustomerUpdateAccountTest -->
    </test> <!-- CustomerUpdateAccountTest -->
    <test name="CustomerNewAccountTest" duration-ms="919" started-at="2015-01-09T05:45:17Z" finished-at="2015-01-09T05:45:18Z">
      <class name="com.Day6_TestNG_Demo.JetBlueFFCustomerNewAccountTest">
        <test-method status="PASS" signature="beforeTest()[pri:0, instance:com.Day6_TestNG_Demo.JetBlueFFCustomerNewAccountTest@1ae369b7]" name="beforeTest" is-config="true" duration-ms="2" started-at="2015-01-08T21:45:17Z" finished-at="2015-01-08T21:45:17Z">
          <reporter-output>
          </reporter-output>
        </test-method> <!-- beforeTest -->
        <test-method status="PASS" signature="beforeClass()[pri:0, instance:com.Day6_TestNG_Demo.JetBlueFFCustomerNewAccountTest@1ae369b7]" name="beforeClass" is-config="true" duration-ms="1" started-at="2015-01-08T21:45:17Z" finished-at="2015-01-08T21:45:17Z">
          <reporter-output>
          </reporter-output>
        </test-method> <!-- beforeClass -->
        <test-method status="PASS" signature="beforeMethod()[pri:0, instance:com.Day6_TestNG_Demo.JetBlueFFCustomerNewAccountTest@1ae369b7]" name="beforeMethod" is-config="true" duration-ms="907" started-at="2015-01-08T21:45:17Z" finished-at="2015-01-08T21:45:18Z">
          <reporter-output>
          </reporter-output>
        </test-method> <!-- beforeMethod -->
        <test-method status="PASS" signature="CustomerNewAccountForWorldWide()[pri:0, instance:com.Day6_TestNG_Demo.JetBlueFFCustomerNewAccountTest@1ae369b7]" name="CustomerNewAccountForWorldWide" duration-ms="2" started-at="2015-01-08T21:45:18Z" finished-at="2015-01-08T21:45:18Z">
          <reporter-output>
          </reporter-output>
        </test-method> <!-- CustomerNewAccountForWorldWide -->
        <test-method status="PASS" signature="afterMethod()[pri:0, instance:com.Day6_TestNG_Demo.JetBlueFFCustomerNewAccountTest@1ae369b7]" name="afterMethod" is-config="true" duration-ms="1" started-at="2015-01-08T21:45:18Z" finished-at="2015-01-08T21:45:18Z">
          <reporter-output>
          </reporter-output>
        </test-method> <!-- afterMethod -->
        <test-method status="PASS" signature="afterClass()[pri:0, instance:com.Day6_TestNG_Demo.JetBlueFFCustomerNewAccountTest@1ae369b7]" name="afterClass" is-config="true" duration-ms="1" started-at="2015-01-08T21:45:18Z" finished-at="2015-01-08T21:45:18Z">
          <reporter-output>
          </reporter-output>
        </test-method> <!-- afterClass -->
        <test-method status="PASS" signature="afterTest()[pri:0, instance:com.Day6_TestNG_Demo.JetBlueFFCustomerNewAccountTest@1ae369b7]" name="afterTest" is-config="true" duration-ms="0" started-at="2015-01-08T21:45:18Z" finished-at="2015-01-08T21:45:18Z">
          <reporter-output>
          </reporter-output>
        </test-method> <!-- afterTest -->
      </class> <!-- com.Day6_TestNG_Demo.JetBlueFFCustomerNewAccountTest -->
    </test> <!-- CustomerNewAccountTest -->
  </suite> <!-- JetBlueFFTestSuite -->
</testng-results>
