<?xml version="1.0" encoding="UTF-8"?>
<!-- Generated by org.testng.reporters.JUnitXMLReporter -->
<testsuite hostname="pc" name="Default test" tests="5" failures="0" timestamp="3 Jan 2015 22:15:59 GMT" time="61.678" errors="0">
  <testcase name="CustomerNewAccountForWorldWide" time="0.013" classname="com.Day6_TestNG_Demo.JetBlueFFCustomerNewAccountTest"/>
  <testcase name="CustomerUpdateAccount" time="0.003" classname="com.Day6_TestNG_Demo.JetBlueFFCustomerUpdateAccountTest"/>
  <testcase name="JetBlueLogin" time="32.608" classname="com.Day6_TestNG_Demo.JetBlueFFLoginTest"/>
  <testcase name="JetBlueLogin" time="28.012" classname="com.Day6_TestNG_Demo.JetBlueFFLoginTest"/>
  <testcase name="NewReservation" time="0.004" classname="com.Day6_TestNG_Demo.JetBlueFFNewReservationTest"/>
</testsuite> <!-- Default test -->
